<?xml version="1.0" encoding="UTF-8"?>
<!-- Generated by org.testng.reporters.JUnitXMLReporter -->
<testsuite hostname="LAPTOP-JTAFEJOR" ignored="0" name="Command line test" tests="3" failures="0" timestamp="22 Nov 2019 16:48:27 GMT" time="0.038" errors="0">
  <testcase name="rest" time="0.007" classname="Qaclickacademy.RestAssuredTest"/>
  <testcase name="Test1" time="0.0" classname="Qaclickacademy.SeleniumTest"/>
  <testcase name="Test2" time="0.001" classname="Qaclickacademy.SeleniumTest"/>
</testsuite> <!-- Command line test -->
