<?xml version="1.0" encoding="UTF-8"?>
<testng-results skipped="0" failed="0" ignored="0" total="3" passed="3">
  <reporter-output>
  </reporter-output>
  <suite name="Command line suite" duration-ms="38" started-at="2019-11-22T16:48:27Z" finished-at="2019-11-22T16:48:27Z">
    <groups>
    </groups>
    <test name="Command line test" duration-ms="38" started-at="2019-11-22T16:48:27Z" finished-at="2019-11-22T16:48:27Z">
      <class name="Qaclickacademy.SeleniumTest">
        <test-method status="PASS" signature="Test1()[pri:0, instance:Qaclickacademy.SeleniumTest@4590c9c3]" name="Test1" duration-ms="0" started-at="2019-11-22T16:48:27Z" finished-at="2019-11-22T16:48:27Z">
          <reporter-output>
          </reporter-output>
        </test-method> <!-- Test1 -->
        <test-method status="PASS" signature="Test2()[pri:0, instance:Qaclickacademy.SeleniumTest@4590c9c3]" name="Test2" duration-ms="1" started-at="2019-11-22T16:48:27Z" finished-at="2019-11-22T16:48:27Z">
          <reporter-output>
          </reporter-output>
        </test-method> <!-- Test2 -->
      </class> <!-- Qaclickacademy.SeleniumTest -->
      <class name="Qaclickacademy.RestAssuredTest">
        <test-method status="PASS" signature="rest()[pri:0, instance:Qaclickacademy.RestAssuredTest@b97c004]" name="rest" duration-ms="7" started-at="2019-11-22T16:48:27Z" finished-at="2019-11-22T16:48:27Z">
          <reporter-output>
          </reporter-output>
        </test-method> <!-- rest -->
      </class> <!-- Qaclickacademy.RestAssuredTest -->
    </test> <!-- Command line test -->
  </suite> <!-- Command line suite -->
</testng-results>
